app/build/intermediates/manifest_merge_blame_file/release/manifest-merger-blame-release-report.txt
1<?xml version="1.0" encoding="utf-8"?>
2<manifest xmlns:android="http://schemas.android.com/apk/res/android"
3    package="com.idiomasinternacionales"
4    android:versionCode="1"
5    android:versionName="1.0.0" >
6
7    <uses-sdk
8        android:minSdkVersion="24"
9        android:targetSdkVersion="34" />
10
11    <uses-permission android:name="android.permission.INTERNET" />
11-->src/main/AndroidManifest.xml:4:5-67
11-->src/main/AndroidManifest.xml:4:22-64
12    <uses-permission android:name="android.permission.ACCESS_NETWORK_STATE" />
12-->[com.google.android.gms:play-services-measurement:21.5.0] AndroidManifest.xml:24:5-79
12-->[com.google.android.gms:play-services-measurement:21.5.0] AndroidManifest.xml:24:22-76
13    <uses-permission android:name="android.permission.WAKE_LOCK" />
13-->[com.google.android.gms:play-services-measurement:21.5.0] AndroidManifest.xml:25:5-68
13-->[com.google.android.gms:play-services-measurement:21.5.0] AndroidManifest.xml:25:22-65
14    <uses-permission android:name="com.google.android.finsky.permission.BIND_GET_INSTALL_REFERRER_SERVICE" />
14-->[com.google.android.gms:play-services-measurement:21.5.0] AndroidManifest.xml:26:5-110
14-->[com.google.android.gms:play-services-measurement:21.5.0] AndroidManifest.xml:26:22-107
15    <uses-permission android:name="com.google.android.gms.permission.AD_ID" />
15-->[com.google.android.gms:play-services-measurement-api:21.5.0] AndroidManifest.xml:25:5-79
15-->[com.google.android.gms:play-services-measurement-api:21.5.0] AndroidManifest.xml:25:22-76
16    <uses-permission android:name="android.permission.ACCESS_ADSERVICES_ATTRIBUTION" />
16-->[com.google.android.gms:play-services-measurement-api:21.5.0] AndroidManifest.xml:26:5-88
16-->[com.google.android.gms:play-services-measurement-api:21.5.0] AndroidManifest.xml:26:22-85
17    <uses-permission android:name="android.permission.ACCESS_ADSERVICES_AD_ID" />
17-->[com.google.android.gms:play-services-measurement-api:21.5.0] AndroidManifest.xml:27:5-82
17-->[com.google.android.gms:play-services-measurement-api:21.5.0] AndroidManifest.xml:27:22-79
18
19    <permission
19-->[androidx.core:core:1.12.0] AndroidManifest.xml:22:5-24:47
20        android:name="com.idiomasinternacionales.DYNAMIC_RECEIVER_NOT_EXPORTED_PERMISSION"
20-->[androidx.core:core:1.12.0] AndroidManifest.xml:23:9-81
21        android:protectionLevel="signature" />
21-->[androidx.core:core:1.12.0] AndroidManifest.xml:24:9-44
22
23    <uses-permission android:name="com.idiomasinternacionales.DYNAMIC_RECEIVER_NOT_EXPORTED_PERMISSION" />
23-->[androidx.core:core:1.12.0] AndroidManifest.xml:26:5-97
23-->[androidx.core:core:1.12.0] AndroidManifest.xml:26:22-94
24
25    <application
25-->src/main/AndroidManifest.xml:6:5-22:19
26        android:name="com.idiomasinternacionales.IdiomasApp"
26-->src/main/AndroidManifest.xml:7:9-35
27        android:allowBackup="true"
27-->src/main/AndroidManifest.xml:8:9-35
28        android:appComponentFactory="androidx.core.app.CoreComponentFactory"
28-->[androidx.core:core:1.12.0] AndroidManifest.xml:28:18-86
29        android:extractNativeLibs="false"
30        android:label="@string/app_name"
30-->src/main/AndroidManifest.xml:9:9-41
31        android:supportsRtl="true"
31-->src/main/AndroidManifest.xml:10:9-35
32        android:theme="@style/Theme.IdiomasInternacionales" >
32-->src/main/AndroidManifest.xml:11:9-60
33        <activity
33-->src/main/AndroidManifest.xml:12:9-21:20
34            android:name="com.idiomasinternacionales.MainActivity"
34-->src/main/AndroidManifest.xml:13:13-41
35            android:exported="true"
35-->src/main/AndroidManifest.xml:14:13-36
36            android:label="@string/app_name"
36-->src/main/AndroidManifest.xml:15:13-45
37            android:theme="@style/Theme.IdiomasInternacionales" >
37-->src/main/AndroidManifest.xml:16:13-64
38            <intent-filter>
38-->src/main/AndroidManifest.xml:17:13-20:29
39                <action android:name="android.intent.action.MAIN" />
39-->src/main/AndroidManifest.xml:18:17-69
39-->src/main/AndroidManifest.xml:18:25-66
40
41                <category android:name="android.intent.category.LAUNCHER" />
41-->src/main/AndroidManifest.xml:19:17-77
41-->src/main/AndroidManifest.xml:19:27-74
42            </intent-filter>
43        </activity>
44
45        <receiver
45-->[com.google.android.gms:play-services-measurement:21.5.0] AndroidManifest.xml:29:9-33:20
46            android:name="com.google.android.gms.measurement.AppMeasurementReceiver"
46-->[com.google.android.gms:play-services-measurement:21.5.0] AndroidManifest.xml:30:13-85
47            android:enabled="true"
47-->[com.google.android.gms:play-services-measurement:21.5.0] AndroidManifest.xml:31:13-35
48            android:exported="false" >
48-->[com.google.android.gms:play-services-measurement:21.5.0] AndroidManifest.xml:32:13-37
49        </receiver>
50
51        <service
51-->[com.google.android.gms:play-services-measurement:21.5.0] AndroidManifest.xml:35:9-38:40
52            android:name="com.google.android.gms.measurement.AppMeasurementService"
52-->[com.google.android.gms:play-services-measurement:21.5.0] AndroidManifest.xml:36:13-84
53            android:enabled="true"
53-->[com.google.android.gms:play-services-measurement:21.5.0] AndroidManifest.xml:37:13-35
54            android:exported="false" />
54-->[com.google.android.gms:play-services-measurement:21.5.0] AndroidManifest.xml:38:13-37
55        <service
55-->[com.google.android.gms:play-services-measurement:21.5.0] AndroidManifest.xml:39:9-43:72
56            android:name="com.google.android.gms.measurement.AppMeasurementJobService"
56-->[com.google.android.gms:play-services-measurement:21.5.0] AndroidManifest.xml:40:13-87
57            android:enabled="true"
57-->[com.google.android.gms:play-services-measurement:21.5.0] AndroidManifest.xml:41:13-35
58            android:exported="false"
58-->[com.google.android.gms:play-services-measurement:21.5.0] AndroidManifest.xml:42:13-37
59            android:permission="android.permission.BIND_JOB_SERVICE" />
59-->[com.google.android.gms:play-services-measurement:21.5.0] AndroidManifest.xml:43:13-69
60
61        <property
61-->[com.google.android.gms:play-services-measurement-api:21.5.0] AndroidManifest.xml:30:9-32:61
62            android:name="android.adservices.AD_SERVICES_CONFIG"
62-->[com.google.android.gms:play-services-measurement-api:21.5.0] AndroidManifest.xml:31:13-65
63            android:resource="@xml/ga_ad_services_config" />
63-->[com.google.android.gms:play-services-measurement-api:21.5.0] AndroidManifest.xml:32:13-58
64
65        <service
65-->[com.google.android.gms:play-services-measurement-api:21.5.0] AndroidManifest.xml:34:9-40:19
66            android:name="com.google.firebase.components.ComponentDiscoveryService"
66-->[com.google.android.gms:play-services-measurement-api:21.5.0] AndroidManifest.xml:35:13-84
67            android:directBootAware="true"
67-->[com.google.firebase:firebase-common:20.4.2] AndroidManifest.xml:32:13-43
68            android:exported="false" >
68-->[com.google.android.gms:play-services-measurement-api:21.5.0] AndroidManifest.xml:36:13-37
69            <meta-data
69-->[com.google.android.gms:play-services-measurement-api:21.5.0] AndroidManifest.xml:37:13-39:85
70                android:name="com.google.firebase.components:com.google.firebase.analytics.connector.internal.AnalyticsConnectorRegistrar"
70-->[com.google.android.gms:play-services-measurement-api:21.5.0] AndroidManifest.xml:38:17-139
71                android:value="com.google.firebase.components.ComponentRegistrar" />
71-->[com.google.android.gms:play-services-measurement-api:21.5.0] AndroidManifest.xml:39:17-82
72            <meta-data
72-->[com.google.firebase:firebase-crashlytics:18.6.2] AndroidManifest.xml:15:13-17:85
73                android:name="com.google.firebase.components:com.google.firebase.crashlytics.FirebaseCrashlyticsKtxRegistrar"
73-->[com.google.firebase:firebase-crashlytics:18.6.2] AndroidManifest.xml:16:17-126
74                android:value="com.google.firebase.components.ComponentRegistrar" />
74-->[com.google.firebase:firebase-crashlytics:18.6.2] AndroidManifest.xml:17:17-82
75            <meta-data
75-->[com.google.firebase:firebase-crashlytics:18.6.2] AndroidManifest.xml:18:13-20:85
76                android:name="com.google.firebase.components:com.google.firebase.crashlytics.CrashlyticsRegistrar"
76-->[com.google.firebase:firebase-crashlytics:18.6.2] AndroidManifest.xml:19:17-115
77                android:value="com.google.firebase.components.ComponentRegistrar" />
77-->[com.google.firebase:firebase-crashlytics:18.6.2] AndroidManifest.xml:20:17-82
78            <meta-data
78-->[com.google.firebase:firebase-sessions:1.2.1] AndroidManifest.xml:29:13-31:85
79                android:name="com.google.firebase.components:com.google.firebase.sessions.FirebaseSessionsRegistrar"
79-->[com.google.firebase:firebase-sessions:1.2.1] AndroidManifest.xml:30:17-117
80                android:value="com.google.firebase.components.ComponentRegistrar" />
80-->[com.google.firebase:firebase-sessions:1.2.1] AndroidManifest.xml:31:17-82
81            <meta-data
81-->[com.google.firebase:firebase-installations:17.2.0] AndroidManifest.xml:15:13-17:85
82                android:name="com.google.firebase.components:com.google.firebase.installations.FirebaseInstallationsKtxRegistrar"
82-->[com.google.firebase:firebase-installations:17.2.0] AndroidManifest.xml:16:17-130
83                android:value="com.google.firebase.components.ComponentRegistrar" />
83-->[com.google.firebase:firebase-installations:17.2.0] AndroidManifest.xml:17:17-82
84            <meta-data
84-->[com.google.firebase:firebase-installations:17.2.0] AndroidManifest.xml:18:13-20:85
85                android:name="com.google.firebase.components:com.google.firebase.installations.FirebaseInstallationsRegistrar"
85-->[com.google.firebase:firebase-installations:17.2.0] AndroidManifest.xml:19:17-127
86                android:value="com.google.firebase.components.ComponentRegistrar" />
86-->[com.google.firebase:firebase-installations:17.2.0] AndroidManifest.xml:20:17-82
87            <meta-data
87-->[com.google.firebase:firebase-common-ktx:20.4.2] AndroidManifest.xml:12:13-14:85
88                android:name="com.google.firebase.components:com.google.firebase.ktx.FirebaseCommonLegacyRegistrar"
88-->[com.google.firebase:firebase-common-ktx:20.4.2] AndroidManifest.xml:13:17-116
89                android:value="com.google.firebase.components.ComponentRegistrar" />
89-->[com.google.firebase:firebase-common-ktx:20.4.2] AndroidManifest.xml:14:17-82
90            <meta-data
90-->[com.google.firebase:firebase-common:20.4.2] AndroidManifest.xml:35:13-37:85
91                android:name="com.google.firebase.components:com.google.firebase.FirebaseCommonKtxRegistrar"
91-->[com.google.firebase:firebase-common:20.4.2] AndroidManifest.xml:36:17-109
92                android:value="com.google.firebase.components.ComponentRegistrar" />
92-->[com.google.firebase:firebase-common:20.4.2] AndroidManifest.xml:37:17-82
93            <meta-data
93-->[com.google.firebase:firebase-datatransport:18.1.8] AndroidManifest.xml:27:13-29:85
94                android:name="com.google.firebase.components:com.google.firebase.datatransport.TransportRegistrar"
94-->[com.google.firebase:firebase-datatransport:18.1.8] AndroidManifest.xml:28:17-115
95                android:value="com.google.firebase.components.ComponentRegistrar" />
95-->[com.google.firebase:firebase-datatransport:18.1.8] AndroidManifest.xml:29:17-82
96        </service>
97        <service
97-->[com.google.firebase:firebase-sessions:1.2.1] AndroidManifest.xml:22:9-25:40
98            android:name="com.google.firebase.sessions.SessionLifecycleService"
98-->[com.google.firebase:firebase-sessions:1.2.1] AndroidManifest.xml:23:13-80
99            android:enabled="true"
99-->[com.google.firebase:firebase-sessions:1.2.1] AndroidManifest.xml:24:13-35
100            android:exported="false" />
100-->[com.google.firebase:firebase-sessions:1.2.1] AndroidManifest.xml:25:13-37
101
102        <provider
102-->[com.google.firebase:firebase-common:20.4.2] AndroidManifest.xml:23:9-28:39
103            android:name="com.google.firebase.provider.FirebaseInitProvider"
103-->[com.google.firebase:firebase-common:20.4.2] AndroidManifest.xml:24:13-77
104            android:authorities="com.idiomasinternacionales.firebaseinitprovider"
104-->[com.google.firebase:firebase-common:20.4.2] AndroidManifest.xml:25:13-72
105            android:directBootAware="true"
105-->[com.google.firebase:firebase-common:20.4.2] AndroidManifest.xml:26:13-43
106            android:exported="false"
106-->[com.google.firebase:firebase-common:20.4.2] AndroidManifest.xml:27:13-37
107            android:initOrder="100" />
107-->[com.google.firebase:firebase-common:20.4.2] AndroidManifest.xml:28:13-36
108
109        <service
109-->[androidx.room:room-runtime:2.6.1] AndroidManifest.xml:24:9-28:63
110            android:name="androidx.room.MultiInstanceInvalidationService"
110-->[androidx.room:room-runtime:2.6.1] AndroidManifest.xml:25:13-74
111            android:directBootAware="true"
111-->[androidx.room:room-runtime:2.6.1] AndroidManifest.xml:26:13-43
112            android:exported="false" />
112-->[androidx.room:room-runtime:2.6.1] AndroidManifest.xml:27:13-37
113
114        <provider
114-->[androidx.emoji2:emoji2:1.4.0] AndroidManifest.xml:24:9-32:20
115            android:name="androidx.startup.InitializationProvider"
115-->[androidx.emoji2:emoji2:1.4.0] AndroidManifest.xml:25:13-67
116            android:authorities="com.idiomasinternacionales.androidx-startup"
116-->[androidx.emoji2:emoji2:1.4.0] AndroidManifest.xml:26:13-68
117            android:exported="false" >
117-->[androidx.emoji2:emoji2:1.4.0] AndroidManifest.xml:27:13-37
118            <meta-data
118-->[androidx.emoji2:emoji2:1.4.0] AndroidManifest.xml:29:13-31:52
119                android:name="androidx.emoji2.text.EmojiCompatInitializer"
119-->[androidx.emoji2:emoji2:1.4.0] AndroidManifest.xml:30:17-75
120                android:value="androidx.startup" />
120-->[androidx.emoji2:emoji2:1.4.0] AndroidManifest.xml:31:17-49
121            <meta-data
121-->[androidx.lifecycle:lifecycle-process:2.7.0] AndroidManifest.xml:29:13-31:52
122                android:name="androidx.lifecycle.ProcessLifecycleInitializer"
122-->[androidx.lifecycle:lifecycle-process:2.7.0] AndroidManifest.xml:30:17-78
123                android:value="androidx.startup" />
123-->[androidx.lifecycle:lifecycle-process:2.7.0] AndroidManifest.xml:31:17-49
124            <meta-data
124-->[androidx.profileinstaller:profileinstaller:1.3.0] AndroidManifest.xml:29:13-31:52
125                android:name="androidx.profileinstaller.ProfileInstallerInitializer"
125-->[androidx.profileinstaller:profileinstaller:1.3.0] AndroidManifest.xml:30:17-85
126                android:value="androidx.startup" />
126-->[androidx.profileinstaller:profileinstaller:1.3.0] AndroidManifest.xml:31:17-49
127        </provider>
128
129        <uses-library
129-->[androidx.privacysandbox.ads:ads-adservices:1.0.0-beta05] AndroidManifest.xml:23:9-25:40
130            android:name="android.ext.adservices"
130-->[androidx.privacysandbox.ads:ads-adservices:1.0.0-beta05] AndroidManifest.xml:24:13-50
131            android:required="false" />
131-->[androidx.privacysandbox.ads:ads-adservices:1.0.0-beta05] AndroidManifest.xml:25:13-37
132
133        <meta-data
133-->[com.google.android.gms:play-services-basement:18.1.0] AndroidManifest.xml:21:9-23:69
134            android:name="com.google.android.gms.version"
134-->[com.google.android.gms:play-services-basement:18.1.0] AndroidManifest.xml:22:13-58
135            android:value="@integer/google_play_services_version" />
135-->[com.google.android.gms:play-services-basement:18.1.0] AndroidManifest.xml:23:13-66
136
137        <service
137-->[com.google.android.datatransport:transport-backend-cct:3.1.9] AndroidManifest.xml:28:9-34:19
138            android:name="com.google.android.datatransport.runtime.backends.TransportBackendDiscovery"
138-->[com.google.android.datatransport:transport-backend-cct:3.1.9] AndroidManifest.xml:29:13-103
139            android:exported="false" >
139-->[com.google.android.datatransport:transport-backend-cct:3.1.9] AndroidManifest.xml:30:13-37
140            <meta-data
140-->[com.google.android.datatransport:transport-backend-cct:3.1.9] AndroidManifest.xml:31:13-33:39
141                android:name="backend:com.google.android.datatransport.cct.CctBackendFactory"
141-->[com.google.android.datatransport:transport-backend-cct:3.1.9] AndroidManifest.xml:32:17-94
142                android:value="cct" />
142-->[com.google.android.datatransport:transport-backend-cct:3.1.9] AndroidManifest.xml:33:17-36
143        </service>
144        <service
144-->[com.google.android.datatransport:transport-runtime:3.1.9] AndroidManifest.xml:26:9-30:19
145            android:name="com.google.android.datatransport.runtime.scheduling.jobscheduling.JobInfoSchedulerService"
145-->[com.google.android.datatransport:transport-runtime:3.1.9] AndroidManifest.xml:27:13-117
146            android:exported="false"
146-->[com.google.android.datatransport:transport-runtime:3.1.9] AndroidManifest.xml:28:13-37
147            android:permission="android.permission.BIND_JOB_SERVICE" >
147-->[com.google.android.datatransport:transport-runtime:3.1.9] AndroidManifest.xml:29:13-69
148        </service>
149
150        <receiver
150-->[com.google.android.datatransport:transport-runtime:3.1.9] AndroidManifest.xml:32:9-34:40
151            android:name="com.google.android.datatransport.runtime.scheduling.jobscheduling.AlarmManagerSchedulerBroadcastReceiver"
151-->[com.google.android.datatransport:transport-runtime:3.1.9] AndroidManifest.xml:33:13-132
152            android:exported="false" />
152-->[com.google.android.datatransport:transport-runtime:3.1.9] AndroidManifest.xml:34:13-37
153        <receiver
153-->[androidx.profileinstaller:profileinstaller:1.3.0] AndroidManifest.xml:34:9-52:20
154            android:name="androidx.profileinstaller.ProfileInstallReceiver"
154-->[androidx.profileinstaller:profileinstaller:1.3.0] AndroidManifest.xml:35:13-76
155            android:directBootAware="false"
155-->[androidx.profileinstaller:profileinstaller:1.3.0] AndroidManifest.xml:36:13-44
156            android:enabled="true"
156-->[androidx.profileinstaller:profileinstaller:1.3.0] AndroidManifest.xml:37:13-35
157            android:exported="true"
157-->[androidx.profileinstaller:profileinstaller:1.3.0] AndroidManifest.xml:38:13-36
158            android:permission="android.permission.DUMP" >
158-->[androidx.profileinstaller:profileinstaller:1.3.0] AndroidManifest.xml:39:13-57
159            <intent-filter>
159-->[androidx.profileinstaller:profileinstaller:1.3.0] AndroidManifest.xml:40:13-42:29
160                <action android:name="androidx.profileinstaller.action.INSTALL_PROFILE" />
160-->[androidx.profileinstaller:profileinstaller:1.3.0] AndroidManifest.xml:41:17-91
160-->[androidx.profileinstaller:profileinstaller:1.3.0] AndroidManifest.xml:41:25-88
161            </intent-filter>
162            <intent-filter>
162-->[androidx.profileinstaller:profileinstaller:1.3.0] AndroidManifest.xml:43:13-45:29
163                <action android:name="androidx.profileinstaller.action.SKIP_FILE" />
163-->[androidx.profileinstaller:profileinstaller:1.3.0] AndroidManifest.xml:44:17-85
163-->[androidx.profileinstaller:profileinstaller:1.3.0] AndroidManifest.xml:44:25-82
164            </intent-filter>
165            <intent-filter>
165-->[androidx.profileinstaller:profileinstaller:1.3.0] AndroidManifest.xml:46:13-48:29
166                <action android:name="androidx.profileinstaller.action.SAVE_PROFILE" />
166-->[androidx.profileinstaller:profileinstaller:1.3.0] AndroidManifest.xml:47:17-88
166-->[androidx.profileinstaller:profileinstaller:1.3.0] AndroidManifest.xml:47:25-85
167            </intent-filter>
168            <intent-filter>
168-->[androidx.profileinstaller:profileinstaller:1.3.0] AndroidManifest.xml:49:13-51:29
169                <action android:name="androidx.profileinstaller.action.BENCHMARK_OPERATION" />
169-->[androidx.profileinstaller:profileinstaller:1.3.0] AndroidManifest.xml:50:17-95
169-->[androidx.profileinstaller:profileinstaller:1.3.0] AndroidManifest.xml:50:25-92
170            </intent-filter>
171        </receiver>
172    </application>
173
174</manifest>